Traceback (most recent call last):
  File "/usr/local/lib/python3.10/dist-packages/jupyter_cache/executors/utils.py", line 58, in single_nb_execution
    executenb(
  File "/usr/local/lib/python3.10/dist-packages/nbclient/client.py", line 1314, in execute
    return NotebookClient(nb=nb, resources=resources, km=km, **kwargs).execute()
  File "/usr/local/lib/python3.10/dist-packages/jupyter_core/utils/__init__.py", line 165, in wrapped
    return loop.run_until_complete(inner)
  File "/usr/lib/python3.10/asyncio/base_events.py", line 649, in run_until_complete
    return future.result()
  File "/usr/local/lib/python3.10/dist-packages/nbclient/client.py", line 709, in async_execute
    await self.async_execute_cell(
  File "/usr/local/lib/python3.10/dist-packages/nbclient/client.py", line 1062, in async_execute_cell
    await self._check_raise_for_error(cell, cell_index, exec_reply)
  File "/usr/local/lib/python3.10/dist-packages/nbclient/client.py", line 918, in _check_raise_for_error
    raise CellExecutionError.from_cell_and_msg(cell, exec_reply_content)
nbclient.exceptions.CellExecutionError: An error occurred while executing the following cell:
------------------
import numpy as np
import matplotlib.pyplot as plt

def apply_transformation(matrix, transformation_matrix):
    return np.dot(transformation_matrix, matrix)

def plot_transformation(original_points, transformed_points, title):
    plt.figure()
    plt.plot(original_points[0, :], originaal_points[1, :], 'bo-', label='Original')
    plt.plot(transformed_points[0, :], transformed_points[1, :], 'ro-', label='Transformed')
    plt.axhline(0, color='grey', lw=0.5)
    plt.axvline(0, color='grey', lw=0.5)
    plt.grid(True)
    plt.legend()
    plt.title(title)
    plt.xlim(-5, 5)
    plt.ylim(-5, 5)
    plt.gca().set_aspect('equal', adjustable='box')
    plt.show()

# Matriks transformasi
rot_0 = np.array([[1, 0], [0, 1]])
rot_45 = (1 / np.sqrt(2)) * np.array([[1, -1], [1, 1]])
rot_neg_45 = (1 / np.sqrt(2)) * np.array([[1, 1], [-1, 1]])
rot_90 = np.array([[0, -1], [1, 0]])
rot_180 = np.array([[-1, 0], [0, -1]])

ref_0 = np.array([[1, 0], [0, -1]])
ref_45 = np.array([[0, 1], [1, 0]])
ref_90 = np.array([[-1, 0], [0, 1]])
ref_neg_45 = np.array([[0, -1], [-1, 0]])

# Titik-titik koordinat yang akan ditransformasikan
points = np.array([[1, 2, -1, -2],
                   [1, -1, 2, -2]])

# Plot original points
plot_transformation(points, points, "Original Points")

# Plot transformations
plot_transformation(points, apply_transformation(points, rot_0), "Rotation 0°")
plot_transformation(points, apply_transformation(points, rot_45), "Rotation ±45°")
plot_transformation(points, apply_transformation(points, rot_neg_45), "Rotation -45°")
plot_transformation(points, apply_transformation(points, rot_90), "Rotation 90°")
plot_transformation(points, apply_transformation(points, rot_180), "Rotation 180°")
plot_transformation(points, apply_transformation(points, ref_0), "Reflection 0°")
plot_transformation(points, apply_transformation(points, ref_45), "Reflection 45°")
plot_transformation(points, apply_transformation(points, ref_90), "Reflection 90°")
plot_transformation(points, apply_transformation(points, ref_neg_45), "Reflection -45°")

------------------


[0;31m---------------------------------------------------------------------------[0m
[0;31mNameError[0m                                 Traceback (most recent call last)
[0;32m<ipython-input-7-66b59fd0d6d0>[0m in [0;36m<cell line: 38>[0;34m()[0m
[1;32m     36[0m [0;34m[0m[0m
[1;32m     37[0m [0;31m# Plot original points[0m[0;34m[0m[0;34m[0m[0m
[0;32m---> 38[0;31m [0mplot_transformation[0m[0;34m([0m[0mpoints[0m[0;34m,[0m [0mpoints[0m[0;34m,[0m [0;34m"Original Points"[0m[0;34m)[0m[0;34m[0m[0;34m[0m[0m
[0m[1;32m     39[0m [0;34m[0m[0m
[1;32m     40[0m [0;31m# Plot transformations[0m[0;34m[0m[0;34m[0m[0m

[0;32m<ipython-input-7-66b59fd0d6d0>[0m in [0;36mplot_transformation[0;34m(original_points, transformed_points, title)[0m
[1;32m      7[0m [0;32mdef[0m [0mplot_transformation[0m[0;34m([0m[0moriginal_points[0m[0;34m,[0m [0mtransformed_points[0m[0;34m,[0m [0mtitle[0m[0;34m)[0m[0;34m:[0m[0;34m[0m[0;34m[0m[0m
[1;32m      8[0m     [0mplt[0m[0;34m.[0m[0mfigure[0m[0;34m([0m[0;34m)[0m[0;34m[0m[0;34m[0m[0m
[0;32m----> 9[0;31m     [0mplt[0m[0;34m.[0m[0mplot[0m[0;34m([0m[0moriginal_points[0m[0;34m[[0m[0;36m0[0m[0;34m,[0m [0;34m:[0m[0;34m][0m[0;34m,[0m [0moriginaal_points[0m[0;34m[[0m[0;36m1[0m[0;34m,[0m [0;34m:[0m[0;34m][0m[0;34m,[0m [0;34m'bo-'[0m[0;34m,[0m [0mlabel[0m[0;34m=[0m[0;34m'Original'[0m[0;34m)[0m[0;34m[0m[0;34m[0m[0m
[0m[1;32m     10[0m     [0mplt[0m[0;34m.[0m[0mplot[0m[0;34m([0m[0mtransformed_points[0m[0;34m[[0m[0;36m0[0m[0;34m,[0m [0;34m:[0m[0;34m][0m[0;34m,[0m [0mtransformed_points[0m[0;34m[[0m[0;36m1[0m[0;34m,[0m [0;34m:[0m[0;34m][0m[0;34m,[0m [0;34m'ro-'[0m[0;34m,[0m [0mlabel[0m[0;34m=[0m[0;34m'Transformed'[0m[0;34m)[0m[0;34m[0m[0;34m[0m[0m
[1;32m     11[0m     [0mplt[0m[0;34m.[0m[0maxhline[0m[0;34m([0m[0;36m0[0m[0;34m,[0m [0mcolor[0m[0;34m=[0m[0;34m'grey'[0m[0;34m,[0m [0mlw[0m[0;34m=[0m[0;36m0.5[0m[0;34m)[0m[0;34m[0m[0;34m[0m[0m

[0;31mNameError[0m: name 'originaal_points' is not defined

