Traceback (most recent call last):
  File "/usr/local/lib/python3.10/dist-packages/jupyter_cache/executors/utils.py", line 58, in single_nb_execution
    executenb(
  File "/usr/local/lib/python3.10/dist-packages/nbclient/client.py", line 1314, in execute
    return NotebookClient(nb=nb, resources=resources, km=km, **kwargs).execute()
  File "/usr/local/lib/python3.10/dist-packages/jupyter_core/utils/__init__.py", line 165, in wrapped
    return loop.run_until_complete(inner)
  File "/usr/lib/python3.10/asyncio/base_events.py", line 649, in run_until_complete
    return future.result()
  File "/usr/local/lib/python3.10/dist-packages/nbclient/client.py", line 709, in async_execute
    await self.async_execute_cell(
  File "/usr/local/lib/python3.10/dist-packages/nbclient/client.py", line 1062, in async_execute_cell
    await self._check_raise_for_error(cell, cell_index, exec_reply)
  File "/usr/local/lib/python3.10/dist-packages/nbclient/client.py", line 918, in _check_raise_for_error
    raise CellExecutionError.from_cell_and_msg(cell, exec_reply_content)
nbclient.exceptions.CellExecutionError: An error occurred while executing the following cell:
------------------
import numpy as np
# Contoh penggunaan
A = np.array([[1, -1, 0],
              [1, 0, -1],
              [-6, 2, 3]])
A_inv = gauss_jordan_inverse(A)
print("Matriks A:\n", A)
print("Invers dari matriks A:\n", A_inv)

# Kalikan matriks invers dengan matriks A
result = np.dot(A_inv, A)
print("Hasil perkalian matriks invers dengan matriks A:\n", result)

------------------


[0;31m---------------------------------------------------------------------------[0m
[0;31mNameError[0m                                 Traceback (most recent call last)
[0;32m<ipython-input-1-fbc7f42cc4a5>[0m in [0;36m<cell line: 6>[0;34m()[0m
[1;32m      4[0m               [0;34m[[0m[0;36m1[0m[0;34m,[0m [0;36m0[0m[0;34m,[0m [0;34m-[0m[0;36m1[0m[0;34m][0m[0;34m,[0m[0;34m[0m[0;34m[0m[0m
[1;32m      5[0m               [-6, 2, 3]])
[0;32m----> 6[0;31m [0mA_inv[0m [0;34m=[0m [0mgauss_jordan_inverse[0m[0;34m([0m[0mA[0m[0;34m)[0m[0;34m[0m[0;34m[0m[0m
[0m[1;32m      7[0m [0mprint[0m[0;34m([0m[0;34m"Matriks A:\n"[0m[0;34m,[0m [0mA[0m[0;34m)[0m[0;34m[0m[0;34m[0m[0m
[1;32m      8[0m [0mprint[0m[0;34m([0m[0;34m"Invers dari matriks A:\n"[0m[0;34m,[0m [0mA_inv[0m[0;34m)[0m[0;34m[0m[0;34m[0m[0m

[0;31mNameError[0m: name 'gauss_jordan_inverse' is not defined

